<?xml version="1.0" encoding="UTF-8"?>
<testng-results skipped="0" failed="0" ignored="0" total="1" passed="1">
  <reporter-output>
  </reporter-output>
  <suite name="Default suite" duration-ms="39751" started-at="2018-02-04T12:22:29Z" finished-at="2018-02-04T12:23:08Z">
    <groups>
    </groups>
    <test name="Default test" duration-ms="39751" started-at="2018-02-04T12:22:29Z" finished-at="2018-02-04T12:23:08Z">
      <class name="browser_Test.browserTest">
        <test-method status="PASS" signature="gettest()[pri:0, instance:browser_Test.browserTest@293aa2]" name="gettest" duration-ms="39668" started-at="2018-02-04T17:52:29Z" finished-at="2018-02-04T17:53:08Z">
          <reporter-output>
          </reporter-output>
        </test-method> <!-- gettest -->
      </class> <!-- browser_Test.browserTest -->
    </test> <!-- Default test -->
  </suite> <!-- Default suite -->
</testng-results>
